<?xml version="1.0" encoding="UTF-8"?>
<testsuites>
  <testsuite name="/Users/rhyslees/Code/Packages/codebar-ag/filament-revealable-field/phpunit.xml.dist" tests="1" assertions="3" errors="0" failures="0" skipped="0" time="0.079948">
    <testsuite name="CodebarAg Test Suite" tests="1" assertions="3" errors="0" failures="0" skipped="0" time="0.079948">
      <testsuite name="Tests\ArchTest" file="tests/ArchTest.php" tests="1" assertions="3" errors="0" failures="0" skipped="0" time="0.079948">
        <testcase name="it will not use debugging functions" file="tests/ArchTest.php::it will not use debugging functions" class="Tests\ArchTest" classname="Tests.ArchTest" assertions="3" time="0.079948"/>
      </testsuite>
    </testsuite>
  </testsuite>
</testsuites>
